The request analysis.updateContent failed with the following error:
RequestErrorCode.PLUGIN_ERROR
Failed to read pubspec.yaml at /Users/guatejason/SourceControl/mason-templates/riverpod_todo_template/__brick__:
ParsedYamlException: line 1, column 7: Unsupported value for "name". type 'YamlMap' is not a subtype of type 'String' in type cast
  ╷
1 │ name: {{project_name}}
  │       ^^^^^^^^^^^^^^^^
  ╵
#0      checkedYamlDecode (package:checked_yaml/checked_yaml.dart:48:5)
#1      new Pubspec.parse (package:pubspec_parse/src/pubspec.dart:167:7)
#2      parsePubspec (package:custom_lint/src/package_utils.dart:84:18)
<asynchronous suspension>
#3      CustomLintProject.parse (package:custom_lint/src/workspace.dart:980:28)
<asynchronous suspension>
#4      Future.wait.<anonymous closure> (dart:async/future.dart:525:21)
<asynchronous suspension>
#5      CustomLintWorkspace.fromContextRoots (package:custom_lint/src/workspace.dart:487:22)
<asynchronous suspension>
#6      SocketCustomLintServerToClientChannel.create (package:custom_lint/src/v2/server_to_client_channel.dart:63:23)
<asynchronous suspension>
#7      CustomLintServer._maybeSpawnCustomLintPlugin (package:custom_lint/src/v2/custom_lint_analyzer_plugin.dart:347:23)
<asynchronous suspension>
#8      CustomLintServer._handleAnalysisSetContextRoots.<anonymous closure> (package:custom_lint/src/v2/custom_lint_analyzer_plugin.dart:328:9)
<asynchronous suspension>
#9      PendingOperation.run (package:custom_lint/src/async_operation.dart:22:14)
<asynchronous suspension>
#10     CustomLintServer._handleRequest (package:custom_lint/src/v2/custom_lint_analyzer_plugin.dart:160:22)
<asynchronous suspension>

at:
#0      CustomLintProject.parse.<anonymous closure> (package:custom_lint/src/workspace.dart:983:7)
#1      _rootRunBinary (dart:async/zone.dart:1423:47)
#2      _CustomZone.runBinary (dart:async/zone.dart:1315:19)
#3      _FutureListener.handleError (dart:async/future_impl.dart:171:22)
#4      Future._propagateToListeners.handleError (dart:async/future_impl.dart:852:47)
#5      Future._propagateToListeners (dart:async/future_impl.dart:873:13)
#6      Future._completeError (dart:async/future_impl.dart:649:5)
#7      _rootRunUnary (dart:async/zone.dart:1407:47)
#8      _CustomZone.runUnary (dart:async/zone.dart:1308:19)
<asynchronous suspension>

The request analysis.setPriorityFiles failed with the following error:
RequestErrorCode.PLUGIN_ERROR
Failed to read pubspec.yaml at /Users/guatejason/SourceControl/mason-templates/riverpod_todo_template/__brick__:
ParsedYamlException: line 1, column 7: Unsupported value for "name". type 'YamlMap' is not a subtype of type 'String' in type cast
  ╷
1 │ name: {{project_name}}
  │       ^^^^^^^^^^^^^^^^
  ╵
#0      checkedYamlDecode (package:checked_yaml/checked_yaml.dart:48:5)
#1      new Pubspec.parse (package:pubspec_parse/src/pubspec.dart:167:7)
#2      parsePubspec (package:custom_lint/src/package_utils.dart:84:18)
<asynchronous suspension>
#3      CustomLintProject.parse (package:custom_lint/src/workspace.dart:980:28)
<asynchronous suspension>
#4      Future.wait.<anonymous closure> (dart:async/future.dart:525:21)
<asynchronous suspension>
#5      CustomLintWorkspace.fromContextRoots (package:custom_lint/src/workspace.dart:487:22)
<asynchronous suspension>
#6      SocketCustomLintServerToClientChannel.create (package:custom_lint/src/v2/server_to_client_channel.dart:63:23)
<asynchronous suspension>
#7      CustomLintServer._maybeSpawnCustomLintPlugin (package:custom_lint/src/v2/custom_lint_analyzer_plugin.dart:347:23)
<asynchronous suspension>
#8      CustomLintServer._handleAnalysisSetContextRoots.<anonymous closure> (package:custom_lint/src/v2/custom_lint_analyzer_plugin.dart:328:9)
<asynchronous suspension>
#9      PendingOperation.run (package:custom_lint/src/async_operation.dart:22:14)
<asynchronous suspension>
#10     CustomLintServer._handleRequest (package:custom_lint/src/v2/custom_lint_analyzer_plugin.dart:160:22)
<asynchronous suspension>

at:
#0      CustomLintProject.parse.<anonymous closure> (package:custom_lint/src/workspace.dart:983:7)
#1      _rootRunBinary (dart:async/zone.dart:1423:47)
#2      _CustomZone.runBinary (dart:async/zone.dart:1315:19)
#3      _FutureListener.handleError (dart:async/future_impl.dart:171:22)
#4      Future._propagateToListeners.handleError (dart:async/future_impl.dart:852:47)
#5      Future._propagateToListeners (dart:async/future_impl.dart:873:13)
#6      Future._completeError (dart:async/future_impl.dart:649:5)
#7      _rootRunUnary (dart:async/zone.dart:1407:47)
#8      _CustomZone.runUnary (dart:async/zone.dart:1308:19)
<asynchronous suspension>

The request analysis.setSubscriptions failed with the following error:
RequestErrorCode.PLUGIN_ERROR
Failed to read pubspec.yaml at /Users/guatejason/SourceControl/mason-templates/riverpod_todo_template/__brick__:
ParsedYamlException: line 1, column 7: Unsupported value for "name". type 'YamlMap' is not a subtype of type 'String' in type cast
  ╷
1 │ name: {{project_name}}
  │       ^^^^^^^^^^^^^^^^
  ╵
#0      checkedYamlDecode (package:checked_yaml/checked_yaml.dart:48:5)
#1      new Pubspec.parse (package:pubspec_parse/src/pubspec.dart:167:7)
#2      parsePubspec (package:custom_lint/src/package_utils.dart:84:18)
<asynchronous suspension>
#3      CustomLintProject.parse (package:custom_lint/src/workspace.dart:980:28)
<asynchronous suspension>
#4      Future.wait.<anonymous closure> (dart:async/future.dart:525:21)
<asynchronous suspension>
#5      CustomLintWorkspace.fromContextRoots (package:custom_lint/src/workspace.dart:487:22)
<asynchronous suspension>
#6      SocketCustomLintServerToClientChannel.create (package:custom_lint/src/v2/server_to_client_channel.dart:63:23)
<asynchronous suspension>
#7      CustomLintServer._maybeSpawnCustomLintPlugin (package:custom_lint/src/v2/custom_lint_analyzer_plugin.dart:347:23)
<asynchronous suspension>
#8      CustomLintServer._handleAnalysisSetContextRoots.<anonymous closure> (package:custom_lint/src/v2/custom_lint_analyzer_plugin.dart:328:9)
<asynchronous suspension>
#9      PendingOperation.run (package:custom_lint/src/async_operation.dart:22:14)
<asynchronous suspension>
#10     CustomLintServer._handleRequest (package:custom_lint/src/v2/custom_lint_analyzer_plugin.dart:160:22)
<asynchronous suspension>

at:
#0      CustomLintProject.parse.<anonymous closure> (package:custom_lint/src/workspace.dart:983:7)
#1      _rootRunBinary (dart:async/zone.dart:1423:47)
#2      _CustomZone.runBinary (dart:async/zone.dart:1315:19)
#3      _FutureListener.handleError (dart:async/future_impl.dart:171:22)
#4      Future._propagateToListeners.handleError (dart:async/future_impl.dart:852:47)
#5      Future._propagateToListeners (dart:async/future_impl.dart:873:13)
#6      Future._completeError (dart:async/future_impl.dart:649:5)
#7      _rootRunUnary (dart:async/zone.dart:1407:47)
#8      _CustomZone.runUnary (dart:async/zone.dart:1308:19)
<asynchronous suspension>

The request analysis.setPriorityFiles failed with the following error:
RequestErrorCode.PLUGIN_ERROR
Failed to read pubspec.yaml at /Users/guatejason/SourceControl/mason-templates/riverpod_todo_template/__brick__:
ParsedYamlException: line 1, column 7: Unsupported value for "name". type 'YamlMap' is not a subtype of type 'String' in type cast
  ╷
1 │ name: {{project_name}}
  │       ^^^^^^^^^^^^^^^^
  ╵
#0      checkedYamlDecode (package:checked_yaml/checked_yaml.dart:48:5)
#1      new Pubspec.parse (package:pubspec_parse/src/pubspec.dart:167:7)
#2      parsePubspec (package:custom_lint/src/package_utils.dart:84:18)
<asynchronous suspension>
#3      CustomLintProject.parse (package:custom_lint/src/workspace.dart:980:28)
<asynchronous suspension>
#4      Future.wait.<anonymous closure> (dart:async/future.dart:525:21)
<asynchronous suspension>
#5      CustomLintWorkspace.fromContextRoots (package:custom_lint/src/workspace.dart:487:22)
<asynchronous suspension>
#6      SocketCustomLintServerToClientChannel.create (package:custom_lint/src/v2/server_to_client_channel.dart:63:23)
<asynchronous suspension>
#7      CustomLintServer._maybeSpawnCustomLintPlugin (package:custom_lint/src/v2/custom_lint_analyzer_plugin.dart:347:23)
<asynchronous suspension>
#8      CustomLintServer._handleAnalysisSetContextRoots.<anonymous closure> (package:custom_lint/src/v2/custom_lint_analyzer_plugin.dart:328:9)
<asynchronous suspension>
#9      PendingOperation.run (package:custom_lint/src/async_operation.dart:22:14)
<asynchronous suspension>
#10     CustomLintServer._handleRequest (package:custom_lint/src/v2/custom_lint_analyzer_plugin.dart:160:22)
<asynchronous suspension>

at:
#0      CustomLintProject.parse.<anonymous closure> (package:custom_lint/src/workspace.dart:983:7)
#1      _rootRunBinary (dart:async/zone.dart:1423:47)
#2      _CustomZone.runBinary (dart:async/zone.dart:1315:19)
#3      _FutureListener.handleError (dart:async/future_impl.dart:171:22)
#4      Future._propagateToListeners.handleError (dart:async/future_impl.dart:852:47)
#5      Future._propagateToListeners (dart:async/future_impl.dart:873:13)
#6      Future._completeError (dart:async/future_impl.dart:649:5)
#7      _rootRunUnary (dart:async/zone.dart:1407:47)
#8      _CustomZone.runUnary (dart:async/zone.dart:1308:19)
<asynchronous suspension>

The request analysis.setSubscriptions failed with the following error:
RequestErrorCode.PLUGIN_ERROR
Failed to read pubspec.yaml at /Users/guatejason/SourceControl/mason-templates/riverpod_todo_template/__brick__:
ParsedYamlException: line 1, column 7: Unsupported value for "name". type 'YamlMap' is not a subtype of type 'String' in type cast
  ╷
1 │ name: {{project_name}}
  │       ^^^^^^^^^^^^^^^^
  ╵
#0      checkedYamlDecode (package:checked_yaml/checked_yaml.dart:48:5)
#1      new Pubspec.parse (package:pubspec_parse/src/pubspec.dart:167:7)
#2      parsePubspec (package:custom_lint/src/package_utils.dart:84:18)
<asynchronous suspension>
#3      CustomLintProject.parse (package:custom_lint/src/workspace.dart:980:28)
<asynchronous suspension>
#4      Future.wait.<anonymous closure> (dart:async/future.dart:525:21)
<asynchronous suspension>
#5      CustomLintWorkspace.fromContextRoots (package:custom_lint/src/workspace.dart:487:22)
<asynchronous suspension>
#6      SocketCustomLintServerToClientChannel.create (package:custom_lint/src/v2/server_to_client_channel.dart:63:23)
<asynchronous suspension>
#7      CustomLintServer._maybeSpawnCustomLintPlugin (package:custom_lint/src/v2/custom_lint_analyzer_plugin.dart:347:23)
<asynchronous suspension>
#8      CustomLintServer._handleAnalysisSetContextRoots.<anonymous closure> (package:custom_lint/src/v2/custom_lint_analyzer_plugin.dart:328:9)
<asynchronous suspension>
#9      PendingOperation.run (package:custom_lint/src/async_operation.dart:22:14)
<asynchronous suspension>
#10     CustomLintServer._handleRequest (package:custom_lint/src/v2/custom_lint_analyzer_plugin.dart:160:22)
<asynchronous suspension>

at:
#0      CustomLintProject.parse.<anonymous closure> (package:custom_lint/src/workspace.dart:983:7)
#1      _rootRunBinary (dart:async/zone.dart:1423:47)
#2      _CustomZone.runBinary (dart:async/zone.dart:1315:19)
#3      _FutureListener.handleError (dart:async/future_impl.dart:171:22)
#4      Future._propagateToListeners.handleError (dart:async/future_impl.dart:852:47)
#5      Future._propagateToListeners (dart:async/future_impl.dart:873:13)
#6      Future._completeError (dart:async/future_impl.dart:649:5)
#7      _rootRunUnary (dart:async/zone.dart:1407:47)
#8      _CustomZone.runUnary (dart:async/zone.dart:1308:19)
<asynchronous suspension>

The request analysis.updateContent failed with the following error:
RequestErrorCode.PLUGIN_ERROR
Failed to read pubspec.yaml at /Users/guatejason/SourceControl/mason-templates/riverpod_todo_template/__brick__:
ParsedYamlException: line 1, column 7: Unsupported value for "name". type 'YamlMap' is not a subtype of type 'String' in type cast
  ╷
1 │ name: {{project_name}}
  │       ^^^^^^^^^^^^^^^^
  ╵
#0      checkedYamlDecode (package:checked_yaml/checked_yaml.dart:48:5)
#1      new Pubspec.parse (package:pubspec_parse/src/pubspec.dart:167:7)
#2      parsePubspec (package:custom_lint/src/package_utils.dart:84:18)
<asynchronous suspension>
#3      CustomLintProject.parse (package:custom_lint/src/workspace.dart:980:28)
<asynchronous suspension>
#4      Future.wait.<anonymous closure> (dart:async/future.dart:525:21)
<asynchronous suspension>
#5      CustomLintWorkspace.fromContextRoots (package:custom_lint/src/workspace.dart:487:22)
<asynchronous suspension>
#6      SocketCustomLintServerToClientChannel.create (package:custom_lint/src/v2/server_to_client_channel.dart:63:23)
<asynchronous suspension>
#7      CustomLintServer._maybeSpawnCustomLintPlugin (package:custom_lint/src/v2/custom_lint_analyzer_plugin.dart:347:23)
<asynchronous suspension>
#8      CustomLintServer._handleAnalysisSetContextRoots.<anonymous closure> (package:custom_lint/src/v2/custom_lint_analyzer_plugin.dart:328:9)
<asynchronous suspension>
#9      PendingOperation.run (package:custom_lint/src/async_operation.dart:22:14)
<asynchronous suspension>
#10     CustomLintServer._handleRequest (package:custom_lint/src/v2/custom_lint_analyzer_plugin.dart:160:22)
<asynchronous suspension>

at:
#0      CustomLintProject.parse.<anonymous closure> (package:custom_lint/src/workspace.dart:983:7)
#1      _rootRunBinary (dart:async/zone.dart:1423:47)
#2      _CustomZone.runBinary (dart:async/zone.dart:1315:19)
#3      _FutureListener.handleError (dart:async/future_impl.dart:171:22)
#4      Future._propagateToListeners.handleError (dart:async/future_impl.dart:852:47)
#5      Future._propagateToListeners (dart:async/future_impl.dart:873:13)
#6      Future._completeError (dart:async/future_impl.dart:649:5)
#7      _rootRunUnary (dart:async/zone.dart:1407:47)
#8      _CustomZone.runUnary (dart:async/zone.dart:1308:19)
<asynchronous suspension>

